<?xml version="1.0" encoding="UTF-8"?>
<robot generator="Robot 5.0.1 (Python 3.10.5 on darwin)" generated="20220706 17:31:08.507" rpa="false" schemaversion="3">
<suite id="s1" name="Chico" source="/Users/Rafa/Library/CloudStorage/OneDrive-Pessoal/Documentos/Documentos pessoais/Cursos/Cetified-Tech-Developer/Testing/ProvaTestingII/chico.robot">
<test id="s1-t1" name="Processo de compra de uma camiseta &quot;Vira lata caramelo&quot; no site do Chico Rei" line="8">
<kw name="Clicar em &quot;Concordar&quot; no aviso sobre Cookies" library="chico">
<kw name="Open Browser" library="SeleniumLibrary">
<arg>${SITE}</arg>
<arg>${NAVEGADOR}</arg>
<doc>Opens a new browser instance to the optional ``url``.</doc>
<msg timestamp="20220706 17:31:08.851" level="INFO">Opening browser 'Chrome' to base url 'https://chicorei.com/'.</msg>
<status status="PASS" starttime="20220706 17:31:08.850" endtime="20220706 17:31:13.391"/>
</kw>
<kw name="Maximize Browser Window" library="SeleniumLibrary">
<doc>Maximizes current browser window.</doc>
<status status="PASS" starttime="20220706 17:31:13.392" endtime="20220706 17:31:15.074"/>
</kw>
<kw name="Click Element" library="SeleniumLibrary">
<arg>${BOTAOCOOKIE}</arg>
<doc>Click the element identified by ``locator``.</doc>
<msg timestamp="20220706 17:31:15.077" level="INFO">Clicking element 'xpath=//button[@id='confirmPolicyButton']'.</msg>
<status status="PASS" starttime="20220706 17:31:15.075" endtime="20220706 17:31:15.588"/>
</kw>
<status status="PASS" starttime="20220706 17:31:08.850" endtime="20220706 17:31:15.588"/>
</kw>
<kw name="Pesquisar por &quot;Vira lata caramelo&quot; e selecionar a primeira opção da lista de resultados" library="chico">
<kw name="Sleep" library="BuiltIn">
<arg>2</arg>
<doc>Pauses the test executed for the given time.</doc>
<msg timestamp="20220706 17:31:17.592" level="INFO">Slept 2 seconds</msg>
<status status="PASS" starttime="20220706 17:31:15.589" endtime="20220706 17:31:17.592"/>
</kw>
<kw name="Click Element" library="SeleniumLibrary">
<arg>${CLICACAMPOPESQUISA}</arg>
<doc>Click the element identified by ``locator``.</doc>
<msg timestamp="20220706 17:31:17.593" level="INFO">Clicking element 'xpath=//div[@id='header-search-desktop']/form/div/label/input'.</msg>
<status status="PASS" starttime="20220706 17:31:17.592" endtime="20220706 17:31:17.653"/>
</kw>
<kw name="Input Text" library="SeleniumLibrary">
<arg>${DIGITATEXTO}</arg>
<arg>Vira lata caramelo</arg>
<doc>Types the given ``text`` into the text field identified by ``locator``.</doc>
<msg timestamp="20220706 17:31:17.654" level="INFO">Typing text 'Vira lata caramelo' into text field 'css=#header-search-input-desktop'.</msg>
<status status="PASS" starttime="20220706 17:31:17.653" endtime="20220706 17:31:17.890"/>
</kw>
<kw name="Sleep" library="BuiltIn">
<arg>2</arg>
<doc>Pauses the test executed for the given time.</doc>
<msg timestamp="20220706 17:31:19.892" level="INFO">Slept 2 seconds</msg>
<status status="PASS" starttime="20220706 17:31:17.890" endtime="20220706 17:31:19.892"/>
</kw>
<kw name="Wait Until Element Is Visible" library="SeleniumLibrary">
<arg>${SELECTPRIMEIROITEM}</arg>
<doc>Waits until the element ``locator`` is visible.</doc>
<status status="PASS" starttime="20220706 17:31:19.893" endtime="20220706 17:31:19.918"/>
</kw>
<kw name="Sleep" library="BuiltIn">
<arg>5</arg>
<doc>Pauses the test executed for the given time.</doc>
<msg timestamp="20220706 17:31:24.919" level="INFO">Slept 5 seconds</msg>
<status status="PASS" starttime="20220706 17:31:19.918" endtime="20220706 17:31:24.919"/>
</kw>
<kw name="Click Element" library="SeleniumLibrary">
<arg>${SELECTPRIMEIROITEM}</arg>
<doc>Click the element identified by ``locator``.</doc>
<msg timestamp="20220706 17:31:24.919" level="INFO">Clicking element 'xpath=//div[@id='header-search-desktop']/form/div/div/div/div/div/div[2]/div'.</msg>
<status status="PASS" starttime="20220706 17:31:24.919" endtime="20220706 17:31:26.786"/>
</kw>
<status status="PASS" starttime="20220706 17:31:15.589" endtime="20220706 17:31:26.786"/>
</kw>
<kw name="Validar se o valor do produto é &quot;R$ 69,99&quot;" library="chico">
<kw name="Sleep" library="BuiltIn">
<arg>3</arg>
<doc>Pauses the test executed for the given time.</doc>
<msg timestamp="20220706 17:31:29.787" level="INFO">Slept 3 seconds</msg>
<status status="PASS" starttime="20220706 17:31:26.787" endtime="20220706 17:31:29.787"/>
</kw>
<kw name="Element Should Contain" library="SeleniumLibrary">
<arg>${VALIDAPRECO}</arg>
<arg>R$ 69,99</arg>
<doc>Verifies that element ``locator`` contains text ``expected``.</doc>
<msg timestamp="20220706 17:31:29.814" level="INFO">Element 'xpath=//div[@id='product-main-right']/div/div[2]/div/p' contains text 'R$ 69,99'.</msg>
<status status="PASS" starttime="20220706 17:31:29.788" endtime="20220706 17:31:29.815"/>
</kw>
<status status="PASS" starttime="20220706 17:31:26.786" endtime="20220706 17:31:29.815"/>
</kw>
<kw name="Selecionar tamanho, cor e clicar em comprar" library="chico">
<kw name="Sleep" library="BuiltIn">
<arg>5</arg>
<doc>Pauses the test executed for the given time.</doc>
<msg timestamp="20220706 17:31:34.817" level="INFO">Slept 5 seconds</msg>
<status status="PASS" starttime="20220706 17:31:29.816" endtime="20220706 17:31:34.818"/>
</kw>
<kw name="Run Keyword And Ignore Error" library="BuiltIn">
<arg>Scroll Element Into View</arg>
<arg>${COMPRAR}</arg>
<doc>Runs the given keyword with the given arguments and ignores possible error.</doc>
<kw name="Scroll Element Into View" library="SeleniumLibrary">
<arg>${COMPRAR}</arg>
<doc>Scrolls the element identified by ``locator`` into view.</doc>
<msg timestamp="20220706 17:31:35.719" level="INFO" html="true">&lt;/td&gt;&lt;/tr&gt;&lt;tr&gt;&lt;td colspan="3"&gt;&lt;a href="selenium-screenshot-27.png"&gt;&lt;img src="selenium-screenshot-27.png" width="800px"&gt;&lt;/a&gt;</msg>
<msg timestamp="20220706 17:31:35.721" level="FAIL">MoveTargetOutOfBoundsException: Message: move target out of bounds
  (Session info: chrome=103.0.5060.53)
Stacktrace:
0   chromedriver                        0x000000010f22e079 chromedriver + 4444281
1   chromedriver                        0x000000010f1ba403 chromedriver + 3970051
2   chromedriver                        0x000000010ee54eef chromedriver + 409327
3   chromedriver                        0x000000010eec3a1c chromedriver + 862748
4   chromedriver                        0x000000010eea8792 chromedriver + 751506
5   chromedriver                        0x000000010eebb221 chromedriver + 827937
6   chromedriver                        0x000000010eea8683 chromedriver + 751235
7   chromedriver                        0x000000010ee7ea45 chromedriver + 580165
8   chromedriver                        0x000000010ee7fa95 chromedriver + 584341
9   chromedriver                        0x000000010f1ff55d chromedriver + 4253021
10  chromedriver                        0x000000010f2043a1 chromedriver + 4273057
11  chromedriver                        0x000000010f20916f chromedriver + 4292975
12  chromedriver                        0x000000010f204dea chromedriver + 4275690
13  chromedriver                        0x000000010f1de54f chromedriver + 4117839
14  chromedriver                        0x000000010f21eed8 chromedriver + 4382424
15  chromedriver                        0x000000010f21f05f chromedriver + 4382815
16  chromedriver                        0x000000010f2358d5 chromedriver + 4475093
17  libsystem_pthread.dylib             0x00007ff81dc5f4e1 _pthread_start + 125
18  libsystem_pthread.dylib             0x00007ff81dc5af6b thread_start + 15
</msg>
<status status="FAIL" starttime="20220706 17:31:34.819" endtime="20220706 17:31:35.728"/>
</kw>
<status status="PASS" starttime="20220706 17:31:34.818" endtime="20220706 17:31:35.728"/>
</kw>
<kw name="Sleep" library="BuiltIn">
<arg>3</arg>
<doc>Pauses the test executed for the given time.</doc>
<msg timestamp="20220706 17:31:38.731" level="INFO">Slept 3 seconds</msg>
<status status="PASS" starttime="20220706 17:31:35.728" endtime="20220706 17:31:38.731"/>
</kw>
<kw name="Click Element" library="SeleniumLibrary">
<arg>${TIPOCAMISA}</arg>
<doc>Click the element identified by ``locator``.</doc>
<msg timestamp="20220706 17:31:38.731" level="INFO">Clicking element 'css=.inline-block:nth-child(2) .cr-option:nth-child(1)'.</msg>
<status status="PASS" starttime="20220706 17:31:38.731" endtime="20220706 17:31:38.790"/>
</kw>
<kw name="Sleep" library="BuiltIn">
<arg>1</arg>
<doc>Pauses the test executed for the given time.</doc>
<msg timestamp="20220706 17:31:39.792" level="INFO">Slept 1 second</msg>
<status status="PASS" starttime="20220706 17:31:38.790" endtime="20220706 17:31:39.792"/>
</kw>
<kw name="Click Element" library="SeleniumLibrary">
<arg>${TAMANHO}</arg>
<doc>Click the element identified by ``locator``.</doc>
<msg timestamp="20220706 17:31:39.793" level="INFO">Clicking element 'css=.cr-option-squared:nth-child(2)'.</msg>
<status status="PASS" starttime="20220706 17:31:39.792" endtime="20220706 17:31:39.851"/>
</kw>
<kw name="Sleep" library="BuiltIn">
<arg>1</arg>
<doc>Pauses the test executed for the given time.</doc>
<msg timestamp="20220706 17:31:40.852" level="INFO">Slept 1 second</msg>
<status status="PASS" starttime="20220706 17:31:39.851" endtime="20220706 17:31:40.852"/>
</kw>
<kw name="Click Element" library="SeleniumLibrary">
<arg>${COR}</arg>
<doc>Click the element identified by ``locator``.</doc>
<msg timestamp="20220706 17:31:40.853" level="INFO">Clicking element 'css=.cr-option:nth-child(1) &gt; .product-color-option'.</msg>
<status status="PASS" starttime="20220706 17:31:40.852" endtime="20220706 17:31:40.911"/>
</kw>
<kw name="Sleep" library="BuiltIn">
<arg>1</arg>
<doc>Pauses the test executed for the given time.</doc>
<msg timestamp="20220706 17:31:41.912" level="INFO">Slept 1 second</msg>
<status status="PASS" starttime="20220706 17:31:40.911" endtime="20220706 17:31:41.912"/>
</kw>
<kw name="Click Element" library="SeleniumLibrary">
<arg>${COMPRAR}</arg>
<doc>Click the element identified by ``locator``.</doc>
<msg timestamp="20220706 17:31:41.914" level="INFO">Clicking element 'xpath=//div[@id='product-buy-button-container']/button/span[2]'.</msg>
<status status="PASS" starttime="20220706 17:31:41.913" endtime="20220706 17:31:42.053"/>
</kw>
<status status="PASS" starttime="20220706 17:31:29.815" endtime="20220706 17:31:42.053"/>
</kw>
<kw name="Clicar em &quot;Ver sacola&quot;" library="chico">
<kw name="Sleep" library="BuiltIn">
<arg>2</arg>
<doc>Pauses the test executed for the given time.</doc>
<msg timestamp="20220706 17:31:44.055" level="INFO">Slept 2 seconds</msg>
<status status="PASS" starttime="20220706 17:31:42.054" endtime="20220706 17:31:44.055"/>
</kw>
<kw name="Click Element" library="SeleniumLibrary">
<arg>${VERSACOLA}</arg>
<doc>Click the element identified by ``locator``.</doc>
<msg timestamp="20220706 17:31:44.055" level="INFO">Clicking element 'xpath=//div[@id='header-cart-desktop']/div/a/div'.</msg>
<status status="PASS" starttime="20220706 17:31:44.055" endtime="20220706 17:31:45.794"/>
</kw>
<status status="PASS" starttime="20220706 17:31:42.053" endtime="20220706 17:31:45.794"/>
</kw>
<kw name="Validar se a mensagem &quot;VOCÊ ESTÁ ACUMULANDO 1 PONTO NO CARTÃO FIDELIDADE!&quot; está sendo exibida" library="chico">
<kw name="Sleep" library="BuiltIn">
<arg>3</arg>
<doc>Pauses the test executed for the given time.</doc>
<msg timestamp="20220706 17:31:48.798" level="INFO">Slept 3 seconds</msg>
<status status="PASS" starttime="20220706 17:31:45.795" endtime="20220706 17:31:48.798"/>
</kw>
<kw name="Element Should Contain" library="SeleniumLibrary">
<arg>${VALIDALOYALTY}</arg>
<arg>VOCÊ ESTÁ ACUMULANDO 1 PONTO NO CARTÃO FIDELIDADE!</arg>
<doc>Verifies that element ``locator`` contains text ``expected``.</doc>
<msg timestamp="20220706 17:31:48.824" level="INFO">Element 'css=#cart-loyalty &gt; .mx-0' contains text 'VOCÊ ESTÁ ACUMULANDO 1 PONTO NO CARTÃO FIDELIDADE!'.</msg>
<status status="PASS" starttime="20220706 17:31:48.798" endtime="20220706 17:31:48.824"/>
</kw>
<status status="PASS" starttime="20220706 17:31:45.794" endtime="20220706 17:31:48.825"/>
</kw>
<kw name="Clicar em &quot;Fechar pedido&quot;" library="chico">
<kw name="Sleep" library="BuiltIn">
<arg>2</arg>
<doc>Pauses the test executed for the given time.</doc>
<msg timestamp="20220706 17:31:50.826" level="INFO">Slept 2 seconds</msg>
<status status="PASS" starttime="20220706 17:31:48.825" endtime="20220706 17:31:50.826"/>
</kw>
<kw name="Click Element" library="SeleniumLibrary">
<arg>${FECHARPEDIDO}</arg>
<doc>Click the element identified by ``locator``.</doc>
<msg timestamp="20220706 17:31:50.826" level="INFO">Clicking element 'xpath=//div[@id='cart-finish']/button[2]'.</msg>
<status status="PASS" starttime="20220706 17:31:50.826" endtime="20220706 17:31:52.282"/>
</kw>
<kw name="Sleep" library="BuiltIn">
<arg>2</arg>
<doc>Pauses the test executed for the given time.</doc>
<msg timestamp="20220706 17:31:54.283" level="INFO">Slept 2 seconds</msg>
<status status="PASS" starttime="20220706 17:31:52.282" endtime="20220706 17:31:54.283"/>
</kw>
<kw name="Close Browser" library="SeleniumLibrary">
<doc>Closes the current browser.</doc>
<status status="PASS" starttime="20220706 17:31:54.283" endtime="20220706 17:31:54.592"/>
</kw>
<status status="PASS" starttime="20220706 17:31:48.825" endtime="20220706 17:31:54.592"/>
</kw>
<status status="PASS" starttime="20220706 17:31:08.848" endtime="20220706 17:31:54.593"/>
</test>
<test id="s1-t2" name="Processo de compra de uma camiseta &quot;Amarelo é Desespero&quot; no site do Chico Rei" line="17">
<kw name="Clicar em &quot;Concordar&quot; no aviso sobre Cookies" library="chico">
<kw name="Open Browser" library="SeleniumLibrary">
<arg>${SITE}</arg>
<arg>${NAVEGADOR}</arg>
<doc>Opens a new browser instance to the optional ``url``.</doc>
<msg timestamp="20220706 17:31:54.596" level="INFO">Opening browser 'Chrome' to base url 'https://chicorei.com/'.</msg>
<status status="PASS" starttime="20220706 17:31:54.596" endtime="20220706 17:31:59.631"/>
</kw>
<kw name="Maximize Browser Window" library="SeleniumLibrary">
<doc>Maximizes current browser window.</doc>
<status status="PASS" starttime="20220706 17:31:59.632" endtime="20220706 17:32:00.254"/>
</kw>
<kw name="Click Element" library="SeleniumLibrary">
<arg>${BOTAOCOOKIE}</arg>
<doc>Click the element identified by ``locator``.</doc>
<msg timestamp="20220706 17:32:00.255" level="INFO">Clicking element 'xpath=//button[@id='confirmPolicyButton']'.</msg>
<status status="PASS" starttime="20220706 17:32:00.254" endtime="20220706 17:32:00.578"/>
</kw>
<status status="PASS" starttime="20220706 17:31:54.595" endtime="20220706 17:32:00.579"/>
</kw>
<kw name="Pesquisar por &quot;Amarelo é desespero&quot; e selecionar a primeira opção da lista de resultados" library="chico">
<kw name="Sleep" library="BuiltIn">
<arg>2</arg>
<doc>Pauses the test executed for the given time.</doc>
<msg timestamp="20220706 17:32:02.581" level="INFO">Slept 2 seconds</msg>
<status status="PASS" starttime="20220706 17:32:00.579" endtime="20220706 17:32:02.581"/>
</kw>
<kw name="Click Element" library="SeleniumLibrary">
<arg>${CLICACAMPOPESQUISA}</arg>
<doc>Click the element identified by ``locator``.</doc>
<msg timestamp="20220706 17:32:02.582" level="INFO">Clicking element 'xpath=//div[@id='header-search-desktop']/form/div/label/input'.</msg>
<status status="PASS" starttime="20220706 17:32:02.582" endtime="20220706 17:32:02.651"/>
</kw>
<kw name="Input Text" library="SeleniumLibrary">
<arg>${DIGITATEXTO}</arg>
<arg>Amarelo é desespero</arg>
<doc>Types the given ``text`` into the text field identified by ``locator``.</doc>
<msg timestamp="20220706 17:32:02.652" level="INFO">Typing text 'Amarelo é desespero' into text field 'css=#header-search-input-desktop'.</msg>
<status status="PASS" starttime="20220706 17:32:02.651" endtime="20220706 17:32:02.941"/>
</kw>
<kw name="Sleep" library="BuiltIn">
<arg>2</arg>
<doc>Pauses the test executed for the given time.</doc>
<msg timestamp="20220706 17:32:04.944" level="INFO">Slept 2 seconds</msg>
<status status="PASS" starttime="20220706 17:32:02.942" endtime="20220706 17:32:04.945"/>
</kw>
<kw name="Wait Until Element Is Visible" library="SeleniumLibrary">
<arg>${SELECTPRIMEIROITEM}</arg>
<doc>Waits until the element ``locator`` is visible.</doc>
<status status="PASS" starttime="20220706 17:32:04.945" endtime="20220706 17:32:04.970"/>
</kw>
<kw name="Sleep" library="BuiltIn">
<arg>2</arg>
<doc>Pauses the test executed for the given time.</doc>
<msg timestamp="20220706 17:32:06.970" level="INFO">Slept 2 seconds</msg>
<status status="PASS" starttime="20220706 17:32:04.970" endtime="20220706 17:32:06.971"/>
</kw>
<kw name="Click Element" library="SeleniumLibrary">
<arg>${SELECTPRIMEIROITEM}</arg>
<doc>Click the element identified by ``locator``.</doc>
<msg timestamp="20220706 17:32:06.971" level="INFO">Clicking element 'xpath=//div[@id='header-search-desktop']/form/div/div/div/div/div/div[2]/div'.</msg>
<status status="PASS" starttime="20220706 17:32:06.971" endtime="20220706 17:32:08.876"/>
</kw>
<status status="PASS" starttime="20220706 17:32:00.579" endtime="20220706 17:32:08.876"/>
</kw>
<kw name="Validar se o valor do produto é &quot;R$ 69,99&quot;" library="chico">
<kw name="Sleep" library="BuiltIn">
<arg>3</arg>
<doc>Pauses the test executed for the given time.</doc>
<msg timestamp="20220706 17:32:11.877" level="INFO">Slept 3 seconds</msg>
<status status="PASS" starttime="20220706 17:32:08.877" endtime="20220706 17:32:11.877"/>
</kw>
<kw name="Element Should Contain" library="SeleniumLibrary">
<arg>${VALIDAPRECO}</arg>
<arg>R$ 69,99</arg>
<doc>Verifies that element ``locator`` contains text ``expected``.</doc>
<msg timestamp="20220706 17:32:11.928" level="INFO">Element 'xpath=//div[@id='product-main-right']/div/div[2]/div/p' contains text 'R$ 69,99'.</msg>
<status status="PASS" starttime="20220706 17:32:11.878" endtime="20220706 17:32:11.928"/>
</kw>
<status status="PASS" starttime="20220706 17:32:08.876" endtime="20220706 17:32:11.928"/>
</kw>
<kw name="Selecionar tamanho, cor e clicar em comprar" library="chico">
<kw name="Sleep" library="BuiltIn">
<arg>5</arg>
<doc>Pauses the test executed for the given time.</doc>
<msg timestamp="20220706 17:32:16.930" level="INFO">Slept 5 seconds</msg>
<status status="PASS" starttime="20220706 17:32:11.929" endtime="20220706 17:32:16.930"/>
</kw>
<kw name="Run Keyword And Ignore Error" library="BuiltIn">
<arg>Scroll Element Into View</arg>
<arg>${COMPRAR}</arg>
<doc>Runs the given keyword with the given arguments and ignores possible error.</doc>
<kw name="Scroll Element Into View" library="SeleniumLibrary">
<arg>${COMPRAR}</arg>
<doc>Scrolls the element identified by ``locator`` into view.</doc>
<msg timestamp="20220706 17:32:17.967" level="INFO" html="true">&lt;/td&gt;&lt;/tr&gt;&lt;tr&gt;&lt;td colspan="3"&gt;&lt;a href="selenium-screenshot-28.png"&gt;&lt;img src="selenium-screenshot-28.png" width="800px"&gt;&lt;/a&gt;</msg>
<msg timestamp="20220706 17:32:17.968" level="FAIL">MoveTargetOutOfBoundsException: Message: move target out of bounds
  (Session info: chrome=103.0.5060.53)
Stacktrace:
0   chromedriver                        0x0000000104685079 chromedriver + 4444281
1   chromedriver                        0x0000000104611403 chromedriver + 3970051
2   chromedriver                        0x00000001042abeef chromedriver + 409327
3   chromedriver                        0x000000010431aa1c chromedriver + 862748
4   chromedriver                        0x00000001042ff792 chromedriver + 751506
5   chromedriver                        0x0000000104312221 chromedriver + 827937
6   chromedriver                        0x00000001042ff683 chromedriver + 751235
7   chromedriver                        0x00000001042d5a45 chromedriver + 580165
8   chromedriver                        0x00000001042d6a95 chromedriver + 584341
9   chromedriver                        0x000000010465655d chromedriver + 4253021
10  chromedriver                        0x000000010465b3a1 chromedriver + 4273057
11  chromedriver                        0x000000010466016f chromedriver + 4292975
12  chromedriver                        0x000000010465bdea chromedriver + 4275690
13  chromedriver                        0x000000010463554f chromedriver + 4117839
14  chromedriver                        0x0000000104675ed8 chromedriver + 4382424
15  chromedriver                        0x000000010467605f chromedriver + 4382815
16  chromedriver                        0x000000010468c8d5 chromedriver + 4475093
17  libsystem_pthread.dylib             0x00007ff81dc5f4e1 _pthread_start + 125
18  libsystem_pthread.dylib             0x00007ff81dc5af6b thread_start + 15
</msg>
<status status="FAIL" starttime="20220706 17:32:16.931" endtime="20220706 17:32:17.968"/>
</kw>
<status status="PASS" starttime="20220706 17:32:16.931" endtime="20220706 17:32:17.968"/>
</kw>
<kw name="Sleep" library="BuiltIn">
<arg>3</arg>
<doc>Pauses the test executed for the given time.</doc>
<msg timestamp="20220706 17:32:20.968" level="INFO">Slept 3 seconds</msg>
<status status="PASS" starttime="20220706 17:32:17.968" endtime="20220706 17:32:20.969"/>
</kw>
<kw name="Click Element" library="SeleniumLibrary">
<arg>${TIPOCAMISA}</arg>
<doc>Click the element identified by ``locator``.</doc>
<msg timestamp="20220706 17:32:20.969" level="INFO">Clicking element 'css=.inline-block:nth-child(2) .cr-option:nth-child(1)'.</msg>
<status status="PASS" starttime="20220706 17:32:20.969" endtime="20220706 17:32:21.037"/>
</kw>
<kw name="Sleep" library="BuiltIn">
<arg>1</arg>
<doc>Pauses the test executed for the given time.</doc>
<msg timestamp="20220706 17:32:22.038" level="INFO">Slept 1 second</msg>
<status status="PASS" starttime="20220706 17:32:21.038" endtime="20220706 17:32:22.039"/>
</kw>
<kw name="Click Element" library="SeleniumLibrary">
<arg>${TAMANHO}</arg>
<doc>Click the element identified by ``locator``.</doc>
<msg timestamp="20220706 17:32:22.039" level="INFO">Clicking element 'css=.cr-option-squared:nth-child(2)'.</msg>
<status status="PASS" starttime="20220706 17:32:22.039" endtime="20220706 17:32:22.089"/>
</kw>
<kw name="Sleep" library="BuiltIn">
<arg>1</arg>
<doc>Pauses the test executed for the given time.</doc>
<msg timestamp="20220706 17:32:23.090" level="INFO">Slept 1 second</msg>
<status status="PASS" starttime="20220706 17:32:22.089" endtime="20220706 17:32:23.091"/>
</kw>
<kw name="Click Element" library="SeleniumLibrary">
<arg>${COR}</arg>
<doc>Click the element identified by ``locator``.</doc>
<msg timestamp="20220706 17:32:23.092" level="INFO">Clicking element 'css=.cr-option:nth-child(1) &gt; .product-color-option'.</msg>
<status status="PASS" starttime="20220706 17:32:23.091" endtime="20220706 17:32:23.150"/>
</kw>
<kw name="Sleep" library="BuiltIn">
<arg>1</arg>
<doc>Pauses the test executed for the given time.</doc>
<msg timestamp="20220706 17:32:24.151" level="INFO">Slept 1 second</msg>
<status status="PASS" starttime="20220706 17:32:23.150" endtime="20220706 17:32:24.151"/>
</kw>
<kw name="Click Element" library="SeleniumLibrary">
<arg>${COMPRAR}</arg>
<doc>Click the element identified by ``locator``.</doc>
<msg timestamp="20220706 17:32:24.152" level="INFO">Clicking element 'xpath=//div[@id='product-buy-button-container']/button/span[2]'.</msg>
<status status="PASS" starttime="20220706 17:32:24.151" endtime="20220706 17:32:24.258"/>
</kw>
<status status="PASS" starttime="20220706 17:32:11.928" endtime="20220706 17:32:24.258"/>
</kw>
<kw name="Clicar em &quot;Ver sacola&quot;" library="chico">
<kw name="Sleep" library="BuiltIn">
<arg>2</arg>
<doc>Pauses the test executed for the given time.</doc>
<msg timestamp="20220706 17:32:26.260" level="INFO">Slept 2 seconds</msg>
<status status="PASS" starttime="20220706 17:32:24.259" endtime="20220706 17:32:26.260"/>
</kw>
<kw name="Click Element" library="SeleniumLibrary">
<arg>${VERSACOLA}</arg>
<doc>Click the element identified by ``locator``.</doc>
<msg timestamp="20220706 17:32:26.261" level="INFO">Clicking element 'xpath=//div[@id='header-cart-desktop']/div/a/div'.</msg>
<status status="PASS" starttime="20220706 17:32:26.260" endtime="20220706 17:32:28.044"/>
</kw>
<status status="PASS" starttime="20220706 17:32:24.258" endtime="20220706 17:32:28.045"/>
</kw>
<kw name="Validar se a mensagem &quot;VOCÊ ESTÁ ACUMULANDO 1 PONTO NO CARTÃO FIDELIDADE!&quot; está sendo exibida" library="chico">
<kw name="Sleep" library="BuiltIn">
<arg>3</arg>
<doc>Pauses the test executed for the given time.</doc>
<msg timestamp="20220706 17:32:31.049" level="INFO">Slept 3 seconds</msg>
<status status="PASS" starttime="20220706 17:32:28.046" endtime="20220706 17:32:31.049"/>
</kw>
<kw name="Element Should Contain" library="SeleniumLibrary">
<arg>${VALIDALOYALTY}</arg>
<arg>VOCÊ ESTÁ ACUMULANDO 1 PONTO NO CARTÃO FIDELIDADE!</arg>
<doc>Verifies that element ``locator`` contains text ``expected``.</doc>
<msg timestamp="20220706 17:32:31.074" level="INFO">Element 'css=#cart-loyalty &gt; .mx-0' contains text 'VOCÊ ESTÁ ACUMULANDO 1 PONTO NO CARTÃO FIDELIDADE!'.</msg>
<status status="PASS" starttime="20220706 17:32:31.049" endtime="20220706 17:32:31.075"/>
</kw>
<status status="PASS" starttime="20220706 17:32:28.045" endtime="20220706 17:32:31.075"/>
</kw>
<kw name="Clicar em &quot;Fechar pedido&quot;" library="chico">
<kw name="Sleep" library="BuiltIn">
<arg>2</arg>
<doc>Pauses the test executed for the given time.</doc>
<msg timestamp="20220706 17:32:33.076" level="INFO">Slept 2 seconds</msg>
<status status="PASS" starttime="20220706 17:32:31.076" endtime="20220706 17:32:33.076"/>
</kw>
<kw name="Click Element" library="SeleniumLibrary">
<arg>${FECHARPEDIDO}</arg>
<doc>Click the element identified by ``locator``.</doc>
<msg timestamp="20220706 17:32:33.077" level="INFO">Clicking element 'xpath=//div[@id='cart-finish']/button[2]'.</msg>
<status status="PASS" starttime="20220706 17:32:33.076" endtime="20220706 17:32:34.753"/>
</kw>
<kw name="Sleep" library="BuiltIn">
<arg>2</arg>
<doc>Pauses the test executed for the given time.</doc>
<msg timestamp="20220706 17:32:36.754" level="INFO">Slept 2 seconds</msg>
<status status="PASS" starttime="20220706 17:32:34.753" endtime="20220706 17:32:36.755"/>
</kw>
<kw name="Close Browser" library="SeleniumLibrary">
<doc>Closes the current browser.</doc>
<status status="PASS" starttime="20220706 17:32:36.755" endtime="20220706 17:32:37.164"/>
</kw>
<status status="PASS" starttime="20220706 17:32:31.075" endtime="20220706 17:32:37.165"/>
</kw>
<status status="PASS" starttime="20220706 17:31:54.594" endtime="20220706 17:32:37.165"/>
</test>
<test id="s1-t3" name="Processo de compra de uma camiseta &quot;Erarr é humano&quot; no site do Chico Rei" line="26">
<kw name="Clicar em &quot;Concordar&quot; no aviso sobre Cookies" library="chico">
<kw name="Open Browser" library="SeleniumLibrary">
<arg>${SITE}</arg>
<arg>${NAVEGADOR}</arg>
<doc>Opens a new browser instance to the optional ``url``.</doc>
<msg timestamp="20220706 17:32:37.168" level="INFO">Opening browser 'Chrome' to base url 'https://chicorei.com/'.</msg>
<status status="PASS" starttime="20220706 17:32:37.168" endtime="20220706 17:32:42.116"/>
</kw>
<kw name="Maximize Browser Window" library="SeleniumLibrary">
<doc>Maximizes current browser window.</doc>
<status status="PASS" starttime="20220706 17:32:42.116" endtime="20220706 17:32:43.126"/>
</kw>
<kw name="Click Element" library="SeleniumLibrary">
<arg>${BOTAOCOOKIE}</arg>
<doc>Click the element identified by ``locator``.</doc>
<msg timestamp="20220706 17:32:43.127" level="INFO">Clicking element 'xpath=//button[@id='confirmPolicyButton']'.</msg>
<status status="PASS" starttime="20220706 17:32:43.127" endtime="20220706 17:32:43.262"/>
</kw>
<status status="PASS" starttime="20220706 17:32:37.167" endtime="20220706 17:32:43.263"/>
</kw>
<kw name="Pesquisar por &quot;Erarr é humano&quot; e selecionar a primeira opção da lista de resultados" library="chico">
<kw name="Sleep" library="BuiltIn">
<arg>2</arg>
<doc>Pauses the test executed for the given time.</doc>
<msg timestamp="20220706 17:32:45.266" level="INFO">Slept 2 seconds</msg>
<status status="PASS" starttime="20220706 17:32:43.264" endtime="20220706 17:32:45.266"/>
</kw>
<kw name="Click Element" library="SeleniumLibrary">
<arg>${CLICACAMPOPESQUISA}</arg>
<doc>Click the element identified by ``locator``.</doc>
<msg timestamp="20220706 17:32:45.268" level="INFO">Clicking element 'xpath=//div[@id='header-search-desktop']/form/div/label/input'.</msg>
<status status="PASS" starttime="20220706 17:32:45.267" endtime="20220706 17:32:45.365"/>
</kw>
<kw name="Input Text" library="SeleniumLibrary">
<arg>${DIGITATEXTO}</arg>
<arg>Erarr é humano</arg>
<doc>Types the given ``text`` into the text field identified by ``locator``.</doc>
<msg timestamp="20220706 17:32:45.366" level="INFO">Typing text 'Erarr é humano' into text field 'css=#header-search-input-desktop'.</msg>
<status status="PASS" starttime="20220706 17:32:45.366" endtime="20220706 17:32:45.648"/>
</kw>
<kw name="Sleep" library="BuiltIn">
<arg>2</arg>
<doc>Pauses the test executed for the given time.</doc>
<msg timestamp="20220706 17:32:47.650" level="INFO">Slept 2 seconds</msg>
<status status="PASS" starttime="20220706 17:32:45.648" endtime="20220706 17:32:47.650"/>
</kw>
<kw name="Wait Until Element Is Visible" library="SeleniumLibrary">
<arg>${SELECTPRIMEIROITEM}</arg>
<doc>Waits until the element ``locator`` is visible.</doc>
<status status="PASS" starttime="20220706 17:32:47.651" endtime="20220706 17:32:47.684"/>
</kw>
<kw name="Sleep" library="BuiltIn">
<arg>2</arg>
<doc>Pauses the test executed for the given time.</doc>
<msg timestamp="20220706 17:32:49.685" level="INFO">Slept 2 seconds</msg>
<status status="PASS" starttime="20220706 17:32:47.684" endtime="20220706 17:32:49.685"/>
</kw>
<kw name="Click Element" library="SeleniumLibrary">
<arg>${SELECTPRIMEIROITEM}</arg>
<doc>Click the element identified by ``locator``.</doc>
<msg timestamp="20220706 17:32:49.686" level="INFO">Clicking element 'xpath=//div[@id='header-search-desktop']/form/div/div/div/div/div/div[2]/div'.</msg>
<msg timestamp="20220706 17:32:53.090" level="INFO" html="true">&lt;/td&gt;&lt;/tr&gt;&lt;tr&gt;&lt;td colspan="3"&gt;&lt;a href="selenium-screenshot-29.png"&gt;&lt;img src="selenium-screenshot-29.png" width="800px"&gt;&lt;/a&gt;</msg>
<msg timestamp="20220706 17:32:53.091" level="FAIL">WebDriverException: Message: unknown error: cannot determine loading status
from unknown error: unexpected command response
  (Session info: chrome=103.0.5060.53)
Stacktrace:
0   chromedriver                        0x000000010d045079 chromedriver + 4444281
1   chromedriver                        0x000000010cfd1403 chromedriver + 3970051
2   chromedriver                        0x000000010cc6c038 chromedriver + 409656
3   chromedriver                        0x000000010cc593c8 chromedriver + 332744
4   chromedriver                        0x000000010cc58ac7 chromedriver + 330439
5   chromedriver                        0x000000010cc58047 chromedriver + 327751
6   chromedriver                        0x000000010cc56f16 chromedriver + 323350
7   chromedriver                        0x000000010cc5744c chromedriver + 324684
8   chromedriver                        0x000000010cc6467e chromedriver + 378494
9   chromedriver                        0x000000010cc64f22 chromedriver + 380706
10  chromedriver                        0x000000010cc735b3 chromedriver + 439731
11  chromedriver                        0x000000010cc7747a chromedriver + 455802
12  chromedriver                        0x000000010cc5777e chromedriver + 325502
13  chromedriver                        0x000000010cc731fa chromedriver + 438778
14  chromedriver                        0x000000010ccd262d chromedriver + 828973
15  chromedriver                        0x000000010ccbf683 chromedriver + 751235
16  chromedriver                        0x000000010cc95a45 chromedriver + 580165
17  chromedriver                        0x000000010cc96a95 chromedriver + 584341
18  chromedriver                        0x000000010d01655d chromedriver + 4253021
19  chromedriver                        0x000000010d01b3a1 chromedriver + 4273057
20  chromedriver                        0x000000010d02016f chromedriver + 4292975
21  chromedriver                        0x000000010d01bdea chromedriver + 4275690
22  chromedriver                        0x000000010cff554f chromedriver + 4117839
23  chromedriver                        0x000000010d035ed8 chromedriver + 4382424
24  chromedriver                        0x000000010d03605f chromedriver + 4382815
25  chromedriver                        0x000000010d04c8d5 chromedriver + 4475093
26  libsystem_pthread.dylib             0x00007ff81dc5f4e1 _pthread_start + 125
27  libsystem_pthread.dylib             0x00007ff81dc5af6b thread_start + 15
</msg>
<status status="FAIL" starttime="20220706 17:32:49.685" endtime="20220706 17:32:53.095"/>
</kw>
<status status="FAIL" starttime="20220706 17:32:43.263" endtime="20220706 17:32:53.096"/>
</kw>
<kw name="Validar se o valor do produto é &quot;R$ 69,99&quot;" library="chico">
<status status="NOT RUN" starttime="20220706 17:32:53.096" endtime="20220706 17:32:53.096"/>
</kw>
<kw name="Selecionar tamanho, cor e clicar em comprar" library="chico">
<status status="NOT RUN" starttime="20220706 17:32:53.096" endtime="20220706 17:32:53.097"/>
</kw>
<kw name="Clicar em &quot;Ver sacola&quot;" library="chico">
<status status="NOT RUN" starttime="20220706 17:32:53.097" endtime="20220706 17:32:53.097"/>
</kw>
<kw name="Validar se a mensagem &quot;De segunda a sexta, das 8h às 18h.&quot; está sendo exibida" library="chico">
<status status="NOT RUN" starttime="20220706 17:32:53.098" endtime="20220706 17:32:53.098"/>
</kw>
<kw name="Clicar em &quot;Fechar pedido&quot;" library="chico">
<status status="NOT RUN" starttime="20220706 17:32:53.098" endtime="20220706 17:32:53.098"/>
</kw>
<status status="FAIL" starttime="20220706 17:32:37.166" endtime="20220706 17:32:53.099">WebDriverException: Message: unknown error: cannot determine loading status
from unknown error: unexpected command response
  (Session info: chrome=103.0.5060.53)
Stacktrace:
0   chromedriver                        0x000000010d045079 chromedriver + 4444281
1   chromedriver                        0x000000010cfd1403 chromedriver + 3970051
2   chromedriver                        0x000000010cc6c038 chromedriver + 409656
3   chromedriver                        0x000000010cc593c8 chromedriver + 332744
4   chromedriver                        0x000000010cc58ac7 chromedriver + 330439
5   chromedriver                        0x000000010cc58047 chromedriver + 327751
6   chromedriver                        0x000000010cc56f16 chromedriver + 323350
7   chromedriver                        0x000000010cc5744c chromedriver + 324684
    [ Message content over the limit has been removed. ]
...hromedriver                        0x000000010cc96a95 chromedriver + 584341
18  chromedriver                        0x000000010d01655d chromedriver + 4253021
19  chromedriver                        0x000000010d01b3a1 chromedriver + 4273057
20  chromedriver                        0x000000010d02016f chromedriver + 4292975
21  chromedriver                        0x000000010d01bdea chromedriver + 4275690
22  chromedriver                        0x000000010cff554f chromedriver + 4117839
23  chromedriver                        0x000000010d035ed8 chromedriver + 4382424
24  chromedriver                        0x000000010d03605f chromedriver + 4382815
25  chromedriver                        0x000000010d04c8d5 chromedriver + 4475093
26  libsystem_pthread.dylib             0x00007ff81dc5f4e1 _pthread_start + 125
27  libsystem_pthread.dylib             0x00007ff81dc5af6b thread_start + 15</status>
</test>
<test id="s1-t4" name="Processo de compra de uma camiseta &quot;Nem Te Vi&quot; no site do Chico Rei" line="35">
<kw name="Clicar em &quot;Concordar&quot; no aviso sobre Cookies" library="chico">
<kw name="Open Browser" library="SeleniumLibrary">
<arg>${SITE}</arg>
<arg>${NAVEGADOR}</arg>
<doc>Opens a new browser instance to the optional ``url``.</doc>
<msg timestamp="20220706 17:32:53.104" level="INFO">Opening browser 'Chrome' to base url 'https://chicorei.com/'.</msg>
<status status="PASS" starttime="20220706 17:32:53.103" endtime="20220706 17:32:59.145"/>
</kw>
<kw name="Maximize Browser Window" library="SeleniumLibrary">
<doc>Maximizes current browser window.</doc>
<status status="PASS" starttime="20220706 17:32:59.145" endtime="20220706 17:33:01.271"/>
</kw>
<kw name="Click Element" library="SeleniumLibrary">
<arg>${BOTAOCOOKIE}</arg>
<doc>Click the element identified by ``locator``.</doc>
<msg timestamp="20220706 17:33:01.273" level="INFO">Clicking element 'xpath=//button[@id='confirmPolicyButton']'.</msg>
<status status="PASS" starttime="20220706 17:33:01.272" endtime="20220706 17:33:02.672"/>
</kw>
<status status="PASS" starttime="20220706 17:32:53.102" endtime="20220706 17:33:02.673"/>
</kw>
<kw name="Pesquisar por &quot;Nem Te Vi&quot; e selecionar a primeira opção da lista de resultados" library="chico">
<kw name="Sleep" library="BuiltIn">
<arg>2</arg>
<doc>Pauses the test executed for the given time.</doc>
<msg timestamp="20220706 17:33:04.675" level="INFO">Slept 2 seconds</msg>
<status status="PASS" starttime="20220706 17:33:02.674" endtime="20220706 17:33:04.675"/>
</kw>
<kw name="Click Element" library="SeleniumLibrary">
<arg>${CLICACAMPOPESQUISA}</arg>
<doc>Click the element identified by ``locator``.</doc>
<msg timestamp="20220706 17:33:04.676" level="INFO">Clicking element 'xpath=//div[@id='header-search-desktop']/form/div/label/input'.</msg>
<status status="PASS" starttime="20220706 17:33:04.675" endtime="20220706 17:33:04.768"/>
</kw>
<kw name="Input Text" library="SeleniumLibrary">
<arg>${DIGITATEXTO}</arg>
<arg>Nem Te Vi</arg>
<doc>Types the given ``text`` into the text field identified by ``locator``.</doc>
<msg timestamp="20220706 17:33:04.769" level="INFO">Typing text 'Nem Te Vi' into text field 'css=#header-search-input-desktop'.</msg>
<status status="PASS" starttime="20220706 17:33:04.768" endtime="20220706 17:33:04.976"/>
</kw>
<kw name="Sleep" library="BuiltIn">
<arg>2</arg>
<doc>Pauses the test executed for the given time.</doc>
<msg timestamp="20220706 17:33:06.978" level="INFO">Slept 2 seconds</msg>
<status status="PASS" starttime="20220706 17:33:04.976" endtime="20220706 17:33:06.978"/>
</kw>
<kw name="Wait Until Element Is Visible" library="SeleniumLibrary">
<arg>${SELECTPRIMEIROITEM}</arg>
<doc>Waits until the element ``locator`` is visible.</doc>
<status status="PASS" starttime="20220706 17:33:06.978" endtime="20220706 17:33:07.004"/>
</kw>
<kw name="Sleep" library="BuiltIn">
<arg>2</arg>
<doc>Pauses the test executed for the given time.</doc>
<msg timestamp="20220706 17:33:09.005" level="INFO">Slept 2 seconds</msg>
<status status="PASS" starttime="20220706 17:33:07.004" endtime="20220706 17:33:09.006"/>
</kw>
<kw name="Click Element" library="SeleniumLibrary">
<arg>${SELECTPRIMEIROITEM}</arg>
<doc>Click the element identified by ``locator``.</doc>
<msg timestamp="20220706 17:33:09.007" level="INFO">Clicking element 'xpath=//div[@id='header-search-desktop']/form/div/div/div/div/div/div[2]/div'.</msg>
<status status="PASS" starttime="20220706 17:33:09.006" endtime="20220706 17:33:11.586"/>
</kw>
<status status="PASS" starttime="20220706 17:33:02.673" endtime="20220706 17:33:11.586"/>
</kw>
<kw name="Validar se o valor do produto é &quot;R$ 69,99&quot;" library="chico">
<kw name="Sleep" library="BuiltIn">
<arg>3</arg>
<doc>Pauses the test executed for the given time.</doc>
<msg timestamp="20220706 17:33:14.588" level="INFO">Slept 3 seconds</msg>
<status status="PASS" starttime="20220706 17:33:11.587" endtime="20220706 17:33:14.589"/>
</kw>
<kw name="Element Should Contain" library="SeleniumLibrary">
<arg>${VALIDAPRECO}</arg>
<arg>R$ 69,99</arg>
<doc>Verifies that element ``locator`` contains text ``expected``.</doc>
<msg timestamp="20220706 17:33:14.617" level="INFO">Element 'xpath=//div[@id='product-main-right']/div/div[2]/div/p' contains text 'R$ 69,99'.</msg>
<status status="PASS" starttime="20220706 17:33:14.589" endtime="20220706 17:33:14.617"/>
</kw>
<status status="PASS" starttime="20220706 17:33:11.586" endtime="20220706 17:33:14.618"/>
</kw>
<kw name="Selecionar tamanho, cor e clicar em comprar" library="chico">
<kw name="Sleep" library="BuiltIn">
<arg>5</arg>
<doc>Pauses the test executed for the given time.</doc>
<msg timestamp="20220706 17:33:19.620" level="INFO">Slept 5 seconds</msg>
<status status="PASS" starttime="20220706 17:33:14.618" endtime="20220706 17:33:19.620"/>
</kw>
<kw name="Run Keyword And Ignore Error" library="BuiltIn">
<arg>Scroll Element Into View</arg>
<arg>${COMPRAR}</arg>
<doc>Runs the given keyword with the given arguments and ignores possible error.</doc>
<kw name="Scroll Element Into View" library="SeleniumLibrary">
<arg>${COMPRAR}</arg>
<doc>Scrolls the element identified by ``locator`` into view.</doc>
<msg timestamp="20220706 17:33:20.416" level="INFO" html="true">&lt;/td&gt;&lt;/tr&gt;&lt;tr&gt;&lt;td colspan="3"&gt;&lt;a href="selenium-screenshot-30.png"&gt;&lt;img src="selenium-screenshot-30.png" width="800px"&gt;&lt;/a&gt;</msg>
<msg timestamp="20220706 17:33:20.417" level="FAIL">MoveTargetOutOfBoundsException: Message: move target out of bounds
  (Session info: chrome=103.0.5060.53)
Stacktrace:
0   chromedriver                        0x000000010414f079 chromedriver + 4444281
1   chromedriver                        0x00000001040db403 chromedriver + 3970051
2   chromedriver                        0x0000000103d75eef chromedriver + 409327
3   chromedriver                        0x0000000103de4a1c chromedriver + 862748
4   chromedriver                        0x0000000103dc9792 chromedriver + 751506
5   chromedriver                        0x0000000103ddc221 chromedriver + 827937
6   chromedriver                        0x0000000103dc9683 chromedriver + 751235
7   chromedriver                        0x0000000103d9fa45 chromedriver + 580165
8   chromedriver                        0x0000000103da0a95 chromedriver + 584341
9   chromedriver                        0x000000010412055d chromedriver + 4253021
10  chromedriver                        0x00000001041253a1 chromedriver + 4273057
11  chromedriver                        0x000000010412a16f chromedriver + 4292975
12  chromedriver                        0x0000000104125dea chromedriver + 4275690
13  chromedriver                        0x00000001040ff54f chromedriver + 4117839
14  chromedriver                        0x000000010413fed8 chromedriver + 4382424
15  chromedriver                        0x000000010414005f chromedriver + 4382815
16  chromedriver                        0x00000001041568d5 chromedriver + 4475093
17  libsystem_pthread.dylib             0x00007ff81dc5f4e1 _pthread_start + 125
18  libsystem_pthread.dylib             0x00007ff81dc5af6b thread_start + 15
</msg>
<status status="FAIL" starttime="20220706 17:33:19.621" endtime="20220706 17:33:20.417"/>
</kw>
<status status="PASS" starttime="20220706 17:33:19.620" endtime="20220706 17:33:20.417"/>
</kw>
<kw name="Sleep" library="BuiltIn">
<arg>3</arg>
<doc>Pauses the test executed for the given time.</doc>
<msg timestamp="20220706 17:33:23.418" level="INFO">Slept 3 seconds</msg>
<status status="PASS" starttime="20220706 17:33:20.417" endtime="20220706 17:33:23.418"/>
</kw>
<kw name="Click Element" library="SeleniumLibrary">
<arg>${TIPOCAMISA}</arg>
<doc>Click the element identified by ``locator``.</doc>
<msg timestamp="20220706 17:33:23.419" level="INFO">Clicking element 'css=.inline-block:nth-child(2) .cr-option:nth-child(1)'.</msg>
<status status="PASS" starttime="20220706 17:33:23.419" endtime="20220706 17:33:23.510"/>
</kw>
<kw name="Sleep" library="BuiltIn">
<arg>1</arg>
<doc>Pauses the test executed for the given time.</doc>
<msg timestamp="20220706 17:33:24.512" level="INFO">Slept 1 second</msg>
<status status="PASS" starttime="20220706 17:33:23.510" endtime="20220706 17:33:24.512"/>
</kw>
<kw name="Click Element" library="SeleniumLibrary">
<arg>${TAMANHO}</arg>
<doc>Click the element identified by ``locator``.</doc>
<msg timestamp="20220706 17:33:24.513" level="INFO">Clicking element 'css=.cr-option-squared:nth-child(2)'.</msg>
<status status="PASS" starttime="20220706 17:33:24.512" endtime="20220706 17:33:24.577"/>
</kw>
<kw name="Sleep" library="BuiltIn">
<arg>1</arg>
<doc>Pauses the test executed for the given time.</doc>
<msg timestamp="20220706 17:33:25.578" level="INFO">Slept 1 second</msg>
<status status="PASS" starttime="20220706 17:33:24.577" endtime="20220706 17:33:25.578"/>
</kw>
<kw name="Click Element" library="SeleniumLibrary">
<arg>${COR}</arg>
<doc>Click the element identified by ``locator``.</doc>
<msg timestamp="20220706 17:33:25.579" level="INFO">Clicking element 'css=.cr-option:nth-child(1) &gt; .product-color-option'.</msg>
<status status="PASS" starttime="20220706 17:33:25.578" endtime="20220706 17:33:25.647"/>
</kw>
<kw name="Sleep" library="BuiltIn">
<arg>1</arg>
<doc>Pauses the test executed for the given time.</doc>
<msg timestamp="20220706 17:33:26.649" level="INFO">Slept 1 second</msg>
<status status="PASS" starttime="20220706 17:33:25.647" endtime="20220706 17:33:26.649"/>
</kw>
<kw name="Click Element" library="SeleniumLibrary">
<arg>${COMPRAR}</arg>
<doc>Click the element identified by ``locator``.</doc>
<msg timestamp="20220706 17:33:26.650" level="INFO">Clicking element 'xpath=//div[@id='product-buy-button-container']/button/span[2]'.</msg>
<status status="PASS" starttime="20220706 17:33:26.649" endtime="20220706 17:33:26.780"/>
</kw>
<status status="PASS" starttime="20220706 17:33:14.618" endtime="20220706 17:33:26.780"/>
</kw>
<kw name="Clicar em &quot;Ver sacola&quot;" library="chico">
<kw name="Sleep" library="BuiltIn">
<arg>2</arg>
<doc>Pauses the test executed for the given time.</doc>
<msg timestamp="20220706 17:33:28.784" level="INFO">Slept 2 seconds</msg>
<status status="PASS" starttime="20220706 17:33:26.782" endtime="20220706 17:33:28.784"/>
</kw>
<kw name="Click Element" library="SeleniumLibrary">
<arg>${VERSACOLA}</arg>
<doc>Click the element identified by ``locator``.</doc>
<msg timestamp="20220706 17:33:28.785" level="INFO">Clicking element 'xpath=//div[@id='header-cart-desktop']/div/a/div'.</msg>
<status status="PASS" starttime="20220706 17:33:28.784" endtime="20220706 17:33:30.378"/>
</kw>
<status status="PASS" starttime="20220706 17:33:26.781" endtime="20220706 17:33:30.378"/>
</kw>
<kw name="Validar se a mensagem &quot;Compre parcelado com cartão ou a vista com boleto ou depósito&quot; está sendo exibida" library="chico">
<kw name="Sleep" library="BuiltIn">
<arg>2</arg>
<doc>Pauses the test executed for the given time.</doc>
<msg timestamp="20220706 17:33:32.381" level="INFO">Slept 2 seconds</msg>
<status status="PASS" starttime="20220706 17:33:30.379" endtime="20220706 17:33:32.382"/>
</kw>
<kw name="Page Should Contain" library="SeleniumLibrary">
<arg>Compre parcelado com cartão ou a vista com boleto ou depósito</arg>
<doc>Verifies that current page contains ``text``.</doc>
<msg timestamp="20220706 17:33:32.400" level="INFO">Current page contains text 'Compre parcelado com cartão ou a vista com boleto ou depósito'.</msg>
<status status="PASS" starttime="20220706 17:33:32.382" endtime="20220706 17:33:32.400"/>
</kw>
<status status="PASS" starttime="20220706 17:33:30.378" endtime="20220706 17:33:32.401"/>
</kw>
<kw name="Clicar em &quot;Fechar pedido&quot;" library="chico">
<kw name="Sleep" library="BuiltIn">
<arg>2</arg>
<doc>Pauses the test executed for the given time.</doc>
<msg timestamp="20220706 17:33:34.401" level="INFO">Slept 2 seconds</msg>
<status status="PASS" starttime="20220706 17:33:32.401" endtime="20220706 17:33:34.402"/>
</kw>
<kw name="Click Element" library="SeleniumLibrary">
<arg>${FECHARPEDIDO}</arg>
<doc>Click the element identified by ``locator``.</doc>
<msg timestamp="20220706 17:33:34.402" level="INFO">Clicking element 'xpath=//div[@id='cart-finish']/button[2]'.</msg>
<status status="PASS" starttime="20220706 17:33:34.402" endtime="20220706 17:33:35.949"/>
</kw>
<kw name="Sleep" library="BuiltIn">
<arg>2</arg>
<doc>Pauses the test executed for the given time.</doc>
<msg timestamp="20220706 17:33:37.949" level="INFO">Slept 2 seconds</msg>
<status status="PASS" starttime="20220706 17:33:35.949" endtime="20220706 17:33:37.950"/>
</kw>
<kw name="Close Browser" library="SeleniumLibrary">
<doc>Closes the current browser.</doc>
<status status="PASS" starttime="20220706 17:33:37.950" endtime="20220706 17:33:38.243"/>
</kw>
<status status="PASS" starttime="20220706 17:33:32.401" endtime="20220706 17:33:38.244"/>
</kw>
<status status="PASS" starttime="20220706 17:32:53.101" endtime="20220706 17:33:38.244"/>
</test>
<test id="s1-t5" name="Processo de compra de uma camiseta &quot;Alceu Dispor&quot; no site do Chico Rei" line="44">
<kw name="Clicar em &quot;Concordar&quot; no aviso sobre Cookies" library="chico">
<kw name="Open Browser" library="SeleniumLibrary">
<arg>${SITE}</arg>
<arg>${NAVEGADOR}</arg>
<doc>Opens a new browser instance to the optional ``url``.</doc>
<msg timestamp="20220706 17:33:38.247" level="INFO">Opening browser 'Chrome' to base url 'https://chicorei.com/'.</msg>
<status status="PASS" starttime="20220706 17:33:38.246" endtime="20220706 17:33:43.276"/>
</kw>
<kw name="Maximize Browser Window" library="SeleniumLibrary">
<doc>Maximizes current browser window.</doc>
<status status="PASS" starttime="20220706 17:33:43.277" endtime="20220706 17:33:43.550"/>
</kw>
<kw name="Click Element" library="SeleniumLibrary">
<arg>${BOTAOCOOKIE}</arg>
<doc>Click the element identified by ``locator``.</doc>
<msg timestamp="20220706 17:33:43.551" level="INFO">Clicking element 'xpath=//button[@id='confirmPolicyButton']'.</msg>
<status status="PASS" starttime="20220706 17:33:43.550" endtime="20220706 17:33:44.099"/>
</kw>
<status status="PASS" starttime="20220706 17:33:38.246" endtime="20220706 17:33:44.099"/>
</kw>
<kw name="Pesquisar por &quot;Alceu Dispor&quot; e selecionar a primeira opção da lista de resultados" library="chico">
<kw name="Sleep" library="BuiltIn">
<arg>2</arg>
<doc>Pauses the test executed for the given time.</doc>
<msg timestamp="20220706 17:33:46.102" level="INFO">Slept 2 seconds</msg>
<status status="PASS" starttime="20220706 17:33:44.100" endtime="20220706 17:33:46.102"/>
</kw>
<kw name="Click Element" library="SeleniumLibrary">
<arg>${CLICACAMPOPESQUISA}</arg>
<doc>Click the element identified by ``locator``.</doc>
<msg timestamp="20220706 17:33:46.102" level="INFO">Clicking element 'xpath=//div[@id='header-search-desktop']/form/div/label/input'.</msg>
<status status="PASS" starttime="20220706 17:33:46.102" endtime="20220706 17:33:46.221"/>
</kw>
<kw name="Input Text" library="SeleniumLibrary">
<arg>${DIGITATEXTO}</arg>
<arg>Alceu Dispor</arg>
<doc>Types the given ``text`` into the text field identified by ``locator``.</doc>
<msg timestamp="20220706 17:33:46.221" level="INFO">Typing text 'Alceu Dispor' into text field 'css=#header-search-input-desktop'.</msg>
<status status="PASS" starttime="20220706 17:33:46.221" endtime="20220706 17:33:46.518"/>
</kw>
<kw name="Sleep" library="BuiltIn">
<arg>2</arg>
<doc>Pauses the test executed for the given time.</doc>
<msg timestamp="20220706 17:33:48.520" level="INFO">Slept 2 seconds</msg>
<status status="PASS" starttime="20220706 17:33:46.518" endtime="20220706 17:33:48.520"/>
</kw>
<kw name="Wait Until Element Is Visible" library="SeleniumLibrary">
<arg>${SELECTPRIMEIROITEM}</arg>
<doc>Waits until the element ``locator`` is visible.</doc>
<status status="PASS" starttime="20220706 17:33:48.520" endtime="20220706 17:33:48.555"/>
</kw>
<kw name="Sleep" library="BuiltIn">
<arg>2</arg>
<doc>Pauses the test executed for the given time.</doc>
<msg timestamp="20220706 17:33:50.556" level="INFO">Slept 2 seconds</msg>
<status status="PASS" starttime="20220706 17:33:48.555" endtime="20220706 17:33:50.556"/>
</kw>
<kw name="Click Element" library="SeleniumLibrary">
<arg>${SELECTPRIMEIROITEM}</arg>
<doc>Click the element identified by ``locator``.</doc>
<msg timestamp="20220706 17:33:50.557" level="INFO">Clicking element 'xpath=//div[@id='header-search-desktop']/form/div/div/div/div/div/div[2]/div'.</msg>
<status status="PASS" starttime="20220706 17:33:50.556" endtime="20220706 17:33:53.253"/>
</kw>
<status status="PASS" starttime="20220706 17:33:44.100" endtime="20220706 17:33:53.253"/>
</kw>
<kw name="Validar se o valor do produto é &quot;R$ 69,99&quot;" library="chico">
<kw name="Sleep" library="BuiltIn">
<arg>3</arg>
<doc>Pauses the test executed for the given time.</doc>
<msg timestamp="20220706 17:33:56.256" level="INFO">Slept 3 seconds</msg>
<status status="PASS" starttime="20220706 17:33:53.254" endtime="20220706 17:33:56.256"/>
</kw>
<kw name="Element Should Contain" library="SeleniumLibrary">
<arg>${VALIDAPRECO}</arg>
<arg>R$ 69,99</arg>
<doc>Verifies that element ``locator`` contains text ``expected``.</doc>
<msg timestamp="20220706 17:33:56.285" level="INFO">Element 'xpath=//div[@id='product-main-right']/div/div[2]/div/p' contains text 'R$ 69,99'.</msg>
<status status="PASS" starttime="20220706 17:33:56.256" endtime="20220706 17:33:56.285"/>
</kw>
<status status="PASS" starttime="20220706 17:33:53.253" endtime="20220706 17:33:56.285"/>
</kw>
<kw name="Selecionar tamanho P, cor e clicar em comprar" library="chico">
<kw name="Sleep" library="BuiltIn">
<arg>5</arg>
<doc>Pauses the test executed for the given time.</doc>
<msg timestamp="20220706 17:34:01.286" level="INFO">Slept 5 seconds</msg>
<status status="PASS" starttime="20220706 17:33:56.286" endtime="20220706 17:34:01.287"/>
</kw>
<kw name="Run Keyword And Ignore Error" library="BuiltIn">
<arg>Scroll Element Into View</arg>
<arg>${COMPRAR}</arg>
<doc>Runs the given keyword with the given arguments and ignores possible error.</doc>
<kw name="Scroll Element Into View" library="SeleniumLibrary">
<arg>${COMPRAR}</arg>
<doc>Scrolls the element identified by ``locator`` into view.</doc>
<msg timestamp="20220706 17:34:02.439" level="INFO" html="true">&lt;/td&gt;&lt;/tr&gt;&lt;tr&gt;&lt;td colspan="3"&gt;&lt;a href="selenium-screenshot-31.png"&gt;&lt;img src="selenium-screenshot-31.png" width="800px"&gt;&lt;/a&gt;</msg>
<msg timestamp="20220706 17:34:02.440" level="FAIL">MoveTargetOutOfBoundsException: Message: move target out of bounds
  (Session info: chrome=103.0.5060.53)
Stacktrace:
0   chromedriver                        0x0000000109d2c079 chromedriver + 4444281
1   chromedriver                        0x0000000109cb8403 chromedriver + 3970051
2   chromedriver                        0x0000000109952eef chromedriver + 409327
3   chromedriver                        0x00000001099c1a1c chromedriver + 862748
4   chromedriver                        0x00000001099a6792 chromedriver + 751506
5   chromedriver                        0x00000001099b9221 chromedriver + 827937
6   chromedriver                        0x00000001099a6683 chromedriver + 751235
7   chromedriver                        0x000000010997ca45 chromedriver + 580165
8   chromedriver                        0x000000010997da95 chromedriver + 584341
9   chromedriver                        0x0000000109cfd55d chromedriver + 4253021
10  chromedriver                        0x0000000109d023a1 chromedriver + 4273057
11  chromedriver                        0x0000000109d0716f chromedriver + 4292975
12  chromedriver                        0x0000000109d02dea chromedriver + 4275690
13  chromedriver                        0x0000000109cdc54f chromedriver + 4117839
14  chromedriver                        0x0000000109d1ced8 chromedriver + 4382424
15  chromedriver                        0x0000000109d1d05f chromedriver + 4382815
16  chromedriver                        0x0000000109d338d5 chromedriver + 4475093
17  libsystem_pthread.dylib             0x00007ff81dc5f4e1 _pthread_start + 125
18  libsystem_pthread.dylib             0x00007ff81dc5af6b thread_start + 15
</msg>
<status status="FAIL" starttime="20220706 17:34:01.287" endtime="20220706 17:34:02.440"/>
</kw>
<status status="PASS" starttime="20220706 17:34:01.287" endtime="20220706 17:34:02.440"/>
</kw>
<kw name="Sleep" library="BuiltIn">
<arg>3</arg>
<doc>Pauses the test executed for the given time.</doc>
<msg timestamp="20220706 17:34:05.441" level="INFO">Slept 3 seconds</msg>
<status status="PASS" starttime="20220706 17:34:02.441" endtime="20220706 17:34:05.442"/>
</kw>
<kw name="Click Element" library="SeleniumLibrary">
<arg>${TIPOCAMISA}</arg>
<doc>Click the element identified by ``locator``.</doc>
<msg timestamp="20220706 17:34:05.442" level="INFO">Clicking element 'css=.inline-block:nth-child(2) .cr-option:nth-child(1)'.</msg>
<status status="PASS" starttime="20220706 17:34:05.442" endtime="20220706 17:34:05.507"/>
</kw>
<kw name="Sleep" library="BuiltIn">
<arg>1</arg>
<doc>Pauses the test executed for the given time.</doc>
<msg timestamp="20220706 17:34:06.508" level="INFO">Slept 1 second</msg>
<status status="PASS" starttime="20220706 17:34:05.507" endtime="20220706 17:34:06.508"/>
</kw>
<kw name="Click Element" library="SeleniumLibrary">
<arg>${TAMANHOP}</arg>
<doc>Click the element identified by ``locator``.</doc>
<msg timestamp="20220706 17:34:06.509" level="INFO">Clicking element 'css=.cr-option-squared:nth-child(1)'.</msg>
<status status="PASS" starttime="20220706 17:34:06.508" endtime="20220706 17:34:06.595"/>
</kw>
<kw name="Sleep" library="BuiltIn">
<arg>1</arg>
<doc>Pauses the test executed for the given time.</doc>
<msg timestamp="20220706 17:34:07.597" level="INFO">Slept 1 second</msg>
<status status="PASS" starttime="20220706 17:34:06.595" endtime="20220706 17:34:07.597"/>
</kw>
<kw name="Click Element" library="SeleniumLibrary">
<arg>${COR}</arg>
<doc>Click the element identified by ``locator``.</doc>
<msg timestamp="20220706 17:34:07.597" level="INFO">Clicking element 'css=.cr-option:nth-child(1) &gt; .product-color-option'.</msg>
<status status="PASS" starttime="20220706 17:34:07.597" endtime="20220706 17:34:07.662"/>
</kw>
<kw name="Sleep" library="BuiltIn">
<arg>1</arg>
<doc>Pauses the test executed for the given time.</doc>
<msg timestamp="20220706 17:34:08.662" level="INFO">Slept 1 second</msg>
<status status="PASS" starttime="20220706 17:34:07.662" endtime="20220706 17:34:08.662"/>
</kw>
<kw name="Click Element" library="SeleniumLibrary">
<arg>${COMPRAR}</arg>
<doc>Click the element identified by ``locator``.</doc>
<msg timestamp="20220706 17:34:08.663" level="INFO">Clicking element 'xpath=//div[@id='product-buy-button-container']/button/span[2]'.</msg>
<status status="PASS" starttime="20220706 17:34:08.663" endtime="20220706 17:34:08.791"/>
</kw>
<status status="PASS" starttime="20220706 17:33:56.286" endtime="20220706 17:34:08.791"/>
</kw>
<kw name="Clicar em &quot;Ver sacola&quot;" library="chico">
<kw name="Sleep" library="BuiltIn">
<arg>2</arg>
<doc>Pauses the test executed for the given time.</doc>
<msg timestamp="20220706 17:34:10.792" level="INFO">Slept 2 seconds</msg>
<status status="PASS" starttime="20220706 17:34:08.792" endtime="20220706 17:34:10.793"/>
</kw>
<kw name="Click Element" library="SeleniumLibrary">
<arg>${VERSACOLA}</arg>
<doc>Click the element identified by ``locator``.</doc>
<msg timestamp="20220706 17:34:10.793" level="INFO">Clicking element 'xpath=//div[@id='header-cart-desktop']/div/a/div'.</msg>
<status status="PASS" starttime="20220706 17:34:10.793" endtime="20220706 17:34:12.673"/>
</kw>
<status status="PASS" starttime="20220706 17:34:08.792" endtime="20220706 17:34:12.674"/>
</kw>
<kw name="Validar se a mensagem &quot;Sua primeira troca na Chico Rei é por nossa conta!&quot; está sendo exibida" library="chico">
<kw name="Sleep" library="BuiltIn">
<arg>2</arg>
<doc>Pauses the test executed for the given time.</doc>
<msg timestamp="20220706 17:34:14.675" level="INFO">Slept 2 seconds</msg>
<status status="PASS" starttime="20220706 17:34:12.674" endtime="20220706 17:34:14.676"/>
</kw>
<kw name="Page Should Contain" library="SeleniumLibrary">
<arg>Sua primeira troca na Chico Rei é por nossa conta!</arg>
<doc>Verifies that current page contains ``text``.</doc>
<msg timestamp="20220706 17:34:14.693" level="INFO">Current page contains text 'Sua primeira troca na Chico Rei é por nossa conta!'.</msg>
<status status="PASS" starttime="20220706 17:34:14.676" endtime="20220706 17:34:14.693"/>
</kw>
<status status="PASS" starttime="20220706 17:34:12.674" endtime="20220706 17:34:14.693"/>
</kw>
<kw name="Clicar em &quot;Fechar pedido&quot;" library="chico">
<kw name="Sleep" library="BuiltIn">
<arg>2</arg>
<doc>Pauses the test executed for the given time.</doc>
<msg timestamp="20220706 17:34:16.694" level="INFO">Slept 2 seconds</msg>
<status status="PASS" starttime="20220706 17:34:14.694" endtime="20220706 17:34:16.694"/>
</kw>
<kw name="Click Element" library="SeleniumLibrary">
<arg>${FECHARPEDIDO}</arg>
<doc>Click the element identified by ``locator``.</doc>
<msg timestamp="20220706 17:34:16.695" level="INFO">Clicking element 'xpath=//div[@id='cart-finish']/button[2]'.</msg>
<status status="PASS" starttime="20220706 17:34:16.695" endtime="20220706 17:34:18.395"/>
</kw>
<kw name="Sleep" library="BuiltIn">
<arg>2</arg>
<doc>Pauses the test executed for the given time.</doc>
<msg timestamp="20220706 17:34:20.396" level="INFO">Slept 2 seconds</msg>
<status status="PASS" starttime="20220706 17:34:18.395" endtime="20220706 17:34:20.396"/>
</kw>
<kw name="Close Browser" library="SeleniumLibrary">
<doc>Closes the current browser.</doc>
<status status="PASS" starttime="20220706 17:34:20.396" endtime="20220706 17:34:20.645"/>
</kw>
<status status="PASS" starttime="20220706 17:34:14.693" endtime="20220706 17:34:20.646"/>
</kw>
<status status="PASS" starttime="20220706 17:33:38.245" endtime="20220706 17:34:20.646"/>
</test>
<status status="FAIL" starttime="20220706 17:31:08.509" endtime="20220706 17:34:20.649"/>
</suite>
<statistics>
<total>
<stat pass="4" fail="1" skip="0">All Tests</stat>
</total>
<tag>
</tag>
<suite>
<stat pass="4" fail="1" skip="0" id="s1" name="Chico">Chico</stat>
</suite>
</statistics>
<errors>
</errors>
</robot>
